Command: /home/verifier/DVT_Code/AHB_RAM/uvm/sim/out/obj/ahb_ram_tb.simv -l run.log -sml +ntb_random_seed_automatic +UVM_TESTNAME=ahb_ram_smoke_test -UVM_VERBOSITY=UVM_HIGH -cm_dir out/cov.vdb -cm_name ahb_ram_smoke_test_0222221718 -ucli -do ahb_ram_sim_run.do
Chronologic VCS simulator copyright 1991-2018
Contains Synopsys proprietary information.
Compiler version O-2018.09-SP2_Full64; Runtime version O-2018.09-SP2_Full64;  Feb 22 22:17 2023
NOTE: automatic random seed used: 760296813
UVM_INFO /opt/synopsys/vcs/vcs-mx/O-2018.09-SP2/etc/uvm-1.2/base/uvm_root.svh(402) @ 0: reporter [UVM/RELNOTES] 
----------------------------------------------------------------
UVM-1.2.Synopsys
(C) 2007-2014 Mentor Graphics Corporation
(C) 2007-2014 Cadence Design Systems, Inc.
(C) 2006-2014 Synopsys, Inc.
(C) 2011-2013 Cypress Semiconductor Corp.
(C) 2013-2014 NVIDIA Corporation
----------------------------------------------------------------

  ***********       IMPORTANT RELEASE NOTES         ************

  You are using a version of the UVM library that has been compiled
  with `UVM_NO_DEPRECATED undefined.
  See http://www.eda.org/svdb/view.php?id=3313 for more details.

  You are using a version of the UVM library that has been compiled
  with `UVM_OBJECT_DO_NOT_NEED_CONSTRUCTOR undefined.
  See http://www.eda.org/svdb/view.php?id=3770 for more details.

      (Specify +UVM_NO_RELNOTES to turn off this notice)

ucli% # GUI mode or Batch mode execution branch for different purpose
ucli% if {[info command guiIsActive]==""} {
  run
} else {
  echo "GUI mode"  
  dump -add / -depth 0
  do ./ahb_ram_debug_wave.do
}
UVM_INFO @ 0: reporter [RNTST] Running test ahb_ram_smoke_test...
UVM_INFO ../seq_lib/ahb_ram_base_virtual_sequence.sv(23) @ 0: uvm_test_top.env.virt_sqr@@ahb_ram_smoke_virt_seq [body] Entered ...
UVM_INFO ../seq_lib/ahb_ram_base_virtual_sequence.sv(28) @ 78000: uvm_test_top.env.virt_sqr@@ahb_ram_smoke_virt_seq [body] Exiting ...
UVM_INFO ../seq_lib/ahb_ram_smoke_virt_seq.sv(14) @ 78000: uvm_test_top.env.virt_sqr@@ahb_ram_smoke_virt_seq [body] Entered ...
UVM_INFO ../seq_lib/elem_seqs/ahb_ram_single_write_seq.sv(20) @ 78000: uvm_test_top.env.virt_sqr@@ahb_ram_smoke_virt_seq.single_write [body] Entered...
UVM_INFO ../seq_lib/elem_seqs/ahb_ram_single_write_seq.sv(27) @ 84000: uvm_test_top.env.virt_sqr@@ahb_ram_smoke_virt_seq.single_write [body] Exiting...
UVM_INFO ../seq_lib/elem_seqs/ahb_ram_single_read_seq.sv(20) @ 84000: uvm_test_top.env.virt_sqr@@ahb_ram_smoke_virt_seq.single_read [body] Entered...
UVM_INFO ../seq_lib/elem_seqs/ahb_ram_single_read_seq.sv(26) @ 92000: uvm_test_top.env.virt_sqr@@ahb_ram_smoke_virt_seq.single_read [body] Exiting...
UVM_INFO ../seq_lib/ahb_ram_base_virtual_sequence.sv(34) @ 92000: uvm_test_top.env.virt_sqr@@ahb_ram_smoke_virt_seq [COMPSUC] val1 'h0 === val2 'h0
UVM_INFO ../seq_lib/elem_seqs/ahb_ram_single_write_seq.sv(20) @ 92000: uvm_test_top.env.virt_sqr@@ahb_ram_smoke_virt_seq.single_write [body] Entered...
UVM_INFO ../seq_lib/elem_seqs/ahb_ram_single_write_seq.sv(27) @ 100000: uvm_test_top.env.virt_sqr@@ahb_ram_smoke_virt_seq.single_write [body] Exiting...
UVM_INFO ../seq_lib/elem_seqs/ahb_ram_single_read_seq.sv(20) @ 100000: uvm_test_top.env.virt_sqr@@ahb_ram_smoke_virt_seq.single_read [body] Entered...
UVM_INFO ../seq_lib/elem_seqs/ahb_ram_single_read_seq.sv(26) @ 108000: uvm_test_top.env.virt_sqr@@ahb_ram_smoke_virt_seq.single_read [body] Exiting...
UVM_INFO ../seq_lib/ahb_ram_base_virtual_sequence.sv(34) @ 108000: uvm_test_top.env.virt_sqr@@ahb_ram_smoke_virt_seq [COMPSUC] val1 'h11 === val2 'h11
UVM_INFO ../seq_lib/elem_seqs/ahb_ram_single_write_seq.sv(20) @ 108000: uvm_test_top.env.virt_sqr@@ahb_ram_smoke_virt_seq.single_write [body] Entered...
UVM_INFO ../seq_lib/elem_seqs/ahb_ram_single_write_seq.sv(27) @ 116000: uvm_test_top.env.virt_sqr@@ahb_ram_smoke_virt_seq.single_write [body] Exiting...
UVM_INFO ../seq_lib/elem_seqs/ahb_ram_single_read_seq.sv(20) @ 116000: uvm_test_top.env.virt_sqr@@ahb_ram_smoke_virt_seq.single_read [body] Entered...
UVM_INFO ../seq_lib/elem_seqs/ahb_ram_single_read_seq.sv(26) @ 124000: uvm_test_top.env.virt_sqr@@ahb_ram_smoke_virt_seq.single_read [body] Exiting...
UVM_INFO ../seq_lib/ahb_ram_base_virtual_sequence.sv(34) @ 124000: uvm_test_top.env.virt_sqr@@ahb_ram_smoke_virt_seq [COMPSUC] val1 'h22 === val2 'h22
UVM_INFO ../seq_lib/elem_seqs/ahb_ram_single_write_seq.sv(20) @ 124000: uvm_test_top.env.virt_sqr@@ahb_ram_smoke_virt_seq.single_write [body] Entered...
UVM_INFO ../seq_lib/elem_seqs/ahb_ram_single_write_seq.sv(27) @ 132000: uvm_test_top.env.virt_sqr@@ahb_ram_smoke_virt_seq.single_write [body] Exiting...
UVM_INFO ../seq_lib/elem_seqs/ahb_ram_single_read_seq.sv(20) @ 132000: uvm_test_top.env.virt_sqr@@ahb_ram_smoke_virt_seq.single_read [body] Entered...
UVM_INFO ../seq_lib/elem_seqs/ahb_ram_single_read_seq.sv(26) @ 140000: uvm_test_top.env.virt_sqr@@ahb_ram_smoke_virt_seq.single_read [body] Exiting...
UVM_INFO ../seq_lib/ahb_ram_base_virtual_sequence.sv(34) @ 140000: uvm_test_top.env.virt_sqr@@ahb_ram_smoke_virt_seq [COMPSUC] val1 'h33 === val2 'h33
UVM_INFO ../seq_lib/elem_seqs/ahb_ram_single_write_seq.sv(20) @ 140000: uvm_test_top.env.virt_sqr@@ahb_ram_smoke_virt_seq.single_write [body] Entered...
UVM_INFO ../seq_lib/elem_seqs/ahb_ram_single_write_seq.sv(27) @ 148000: uvm_test_top.env.virt_sqr@@ahb_ram_smoke_virt_seq.single_write [body] Exiting...
UVM_INFO ../seq_lib/elem_seqs/ahb_ram_single_read_seq.sv(20) @ 148000: uvm_test_top.env.virt_sqr@@ahb_ram_smoke_virt_seq.single_read [body] Entered...
UVM_INFO ../seq_lib/elem_seqs/ahb_ram_single_read_seq.sv(26) @ 156000: uvm_test_top.env.virt_sqr@@ahb_ram_smoke_virt_seq.single_read [body] Exiting...
UVM_INFO ../seq_lib/ahb_ram_base_virtual_sequence.sv(34) @ 156000: uvm_test_top.env.virt_sqr@@ahb_ram_smoke_virt_seq [COMPSUC] val1 'h44 === val2 'h44
UVM_INFO ../seq_lib/elem_seqs/ahb_ram_single_write_seq.sv(20) @ 156000: uvm_test_top.env.virt_sqr@@ahb_ram_smoke_virt_seq.single_write [body] Entered...
UVM_INFO ../seq_lib/elem_seqs/ahb_ram_single_write_seq.sv(27) @ 164000: uvm_test_top.env.virt_sqr@@ahb_ram_smoke_virt_seq.single_write [body] Exiting...
UVM_INFO ../seq_lib/elem_seqs/ahb_ram_single_read_seq.sv(20) @ 164000: uvm_test_top.env.virt_sqr@@ahb_ram_smoke_virt_seq.single_read [body] Entered...
UVM_INFO ../seq_lib/elem_seqs/ahb_ram_single_read_seq.sv(26) @ 172000: uvm_test_top.env.virt_sqr@@ahb_ram_smoke_virt_seq.single_read [body] Exiting...
UVM_INFO ../seq_lib/ahb_ram_base_virtual_sequence.sv(34) @ 172000: uvm_test_top.env.virt_sqr@@ahb_ram_smoke_virt_seq [COMPSUC] val1 'h55 === val2 'h55
UVM_INFO ../seq_lib/elem_seqs/ahb_ram_single_write_seq.sv(20) @ 172000: uvm_test_top.env.virt_sqr@@ahb_ram_smoke_virt_seq.single_write [body] Entered...
UVM_INFO ../seq_lib/elem_seqs/ahb_ram_single_write_seq.sv(27) @ 180000: uvm_test_top.env.virt_sqr@@ahb_ram_smoke_virt_seq.single_write [body] Exiting...
UVM_INFO ../seq_lib/elem_seqs/ahb_ram_single_read_seq.sv(20) @ 180000: uvm_test_top.env.virt_sqr@@ahb_ram_smoke_virt_seq.single_read [body] Entered...
UVM_INFO ../seq_lib/elem_seqs/ahb_ram_single_read_seq.sv(26) @ 188000: uvm_test_top.env.virt_sqr@@ahb_ram_smoke_virt_seq.single_read [body] Exiting...
UVM_INFO ../seq_lib/ahb_ram_base_virtual_sequence.sv(34) @ 188000: uvm_test_top.env.virt_sqr@@ahb_ram_smoke_virt_seq [COMPSUC] val1 'h66 === val2 'h66
UVM_INFO ../seq_lib/elem_seqs/ahb_ram_single_write_seq.sv(20) @ 188000: uvm_test_top.env.virt_sqr@@ahb_ram_smoke_virt_seq.single_write [body] Entered...
UVM_INFO ../seq_lib/elem_seqs/ahb_ram_single_write_seq.sv(27) @ 196000: uvm_test_top.env.virt_sqr@@ahb_ram_smoke_virt_seq.single_write [body] Exiting...
UVM_INFO ../seq_lib/elem_seqs/ahb_ram_single_read_seq.sv(20) @ 196000: uvm_test_top.env.virt_sqr@@ahb_ram_smoke_virt_seq.single_read [body] Entered...
UVM_INFO ../seq_lib/elem_seqs/ahb_ram_single_read_seq.sv(26) @ 204000: uvm_test_top.env.virt_sqr@@ahb_ram_smoke_virt_seq.single_read [body] Exiting...
UVM_INFO ../seq_lib/ahb_ram_base_virtual_sequence.sv(34) @ 204000: uvm_test_top.env.virt_sqr@@ahb_ram_smoke_virt_seq [COMPSUC] val1 'h77 === val2 'h77
UVM_INFO ../seq_lib/elem_seqs/ahb_ram_single_write_seq.sv(20) @ 204000: uvm_test_top.env.virt_sqr@@ahb_ram_smoke_virt_seq.single_write [body] Entered...
UVM_INFO ../seq_lib/elem_seqs/ahb_ram_single_write_seq.sv(27) @ 212000: uvm_test_top.env.virt_sqr@@ahb_ram_smoke_virt_seq.single_write [body] Exiting...
UVM_INFO ../seq_lib/elem_seqs/ahb_ram_single_read_seq.sv(20) @ 212000: uvm_test_top.env.virt_sqr@@ahb_ram_smoke_virt_seq.single_read [body] Entered...
UVM_INFO ../seq_lib/elem_seqs/ahb_ram_single_read_seq.sv(26) @ 220000: uvm_test_top.env.virt_sqr@@ahb_ram_smoke_virt_seq.single_read [body] Exiting...
UVM_INFO ../seq_lib/ahb_ram_base_virtual_sequence.sv(34) @ 220000: uvm_test_top.env.virt_sqr@@ahb_ram_smoke_virt_seq [COMPSUC] val1 'h88 === val2 'h88
UVM_INFO ../seq_lib/elem_seqs/ahb_ram_single_write_seq.sv(20) @ 220000: uvm_test_top.env.virt_sqr@@ahb_ram_smoke_virt_seq.single_write [body] Entered...
UVM_INFO ../seq_lib/elem_seqs/ahb_ram_single_write_seq.sv(27) @ 228000: uvm_test_top.env.virt_sqr@@ahb_ram_smoke_virt_seq.single_write [body] Exiting...
UVM_INFO ../seq_lib/elem_seqs/ahb_ram_single_read_seq.sv(20) @ 228000: uvm_test_top.env.virt_sqr@@ahb_ram_smoke_virt_seq.single_read [body] Entered...
UVM_INFO ../seq_lib/elem_seqs/ahb_ram_single_read_seq.sv(26) @ 236000: uvm_test_top.env.virt_sqr@@ahb_ram_smoke_virt_seq.single_read [body] Exiting...
UVM_INFO ../seq_lib/ahb_ram_base_virtual_sequence.sv(34) @ 236000: uvm_test_top.env.virt_sqr@@ahb_ram_smoke_virt_seq [COMPSUC] val1 'h99 === val2 'h99
UVM_INFO ../seq_lib/ahb_ram_smoke_virt_seq.sv(24) @ 236000: uvm_test_top.env.virt_sqr@@ahb_ram_smoke_virt_seq [body] Exiting ...
UVM_INFO /opt/synopsys/vcs/vcs-mx/O-2018.09-SP2/etc/uvm-1.2/base/uvm_objection.svh(1276) @ 1236000: reporter [TEST_DONE] 'run' phase is ready to proceed to the 'extract' phase
UVM_INFO ../env/ahb_ram_env.sv(73) @ 1236000: uvm_test_top.env [TEST_SUMMARY] 
=============================================== 
CURRENT TEST SUMMARY 
SEQUENCE CHECK COUNT : 10 
SEQUENCE CHECK ERROR : 0 
SCOREBOARD CHECK COUNT : 10 
SCOREBOARD CHECK ERROR : 0 
=============================================== 

UVM_INFO /opt/synopsys/vcs/vcs-mx/O-2018.09-SP2/etc/uvm-1.2/base/uvm_report_catcher.svh(705) @ 1236000: reporter [UVM/REPORT/CATCHER] 
--- UVM Report catcher Summary ---


Number of demoted UVM_FATAL reports  :    0
Number of demoted UVM_ERROR reports  :    0
Number of demoted UVM_WARNING reports:    0
Number of caught UVM_FATAL reports   :    0
Number of caught UVM_ERROR reports   :    0
Number of caught UVM_WARNING reports :    0

UVM_INFO /opt/synopsys/vcs/vcs-mx/O-2018.09-SP2/etc/uvm-1.2/base/uvm_report_server.svh(894) @ 1236000: reporter [UVM/REPORT/SERVER] 
--- UVM Report Summary ---

** Report counts by severity
UVM_INFO :   59
UVM_WARNING :    0
UVM_ERROR :    0
UVM_FATAL :    0
** Report counts by id
[COMPSUC]    10
[RNTST]     1
[TEST_DONE]     1
[TEST_SUMMARY]     1
[UVM/RELNOTES]     1
[UVM/REPORT/CATCHER]     1
[body]    44

$finish called from file "/opt/synopsys/vcs/vcs-mx/O-2018.09-SP2/etc/uvm-1.2/base/uvm_root.svh", line 527.
$finish at simulation time              1236000
           V C S   S i m u l a t i o n   R e p o r t 
Time: 1236000 ps
CPU Time:      0.770 seconds;       Data structure size:   0.6Mb
Wed Feb 22 22:17:19 2023
