23:23:46    16 -->                                                             [tcl] ucliGUI::connect -toolargs -ucligui -toolexe out/obj/ahb_ram_tb.simv -a run.log +ntb_random_seed_automatic +UVM_TESTNAME=ahb_ram_haddr_word_unaligned_test -UVM_VERBOSITY=UVM_HIGH -cm_dir out/cov.vdb -cm_name ahb_ram_haddr_word_unaligned_test_0227232341 -do ahb_ram_sim_run.do -pid 96665 -toolin /tmp/vcs_20230227152341_96659_verifier..stdin -toolout /tmp/vcs_20230227152341_96659_verifier..stdout  
23:23:46    17 -->                                                                 [tcl] set ucliGUI::state
23:23:46    18 -->                                                                     [tcl] set dveMisc::dve_log_file 1
23:23:46    19 -->                                                                         [tcl] gui_update_simulator_buttons
23:23:49    20 -->                                                                             [tcl] set ucliGUI::state
23:23:49    21 -->                                                                                 [tcl] ucliCore::getToolPID
23:23:49    22 -->                                                                                     [tcl] synopsys::env hasTB
23:23:49    23 -->                                                                                         [tcl] trigger_hier_stack_context_switch 0
23:23:49    24 -->                                                                                             [tcl] synopsys::xml set_array_limit <data limit="50" />
23:23:49    25 --> ...  [tcl] gui_update_simulator_buttons
23:23:50    26 --> ...      [tcl] synopsys::xml set_depth_limit <data limit="100" />
23:23:50    27 --> ...          [tcl] synopsys::xml set_string_limit <data limit="1000" />
23:23:50    28 --> ...              [tcl] synopsys::xml set_only_active_frame <data value="1" />
23:23:50    29 --> ...                  [tcl] synopsys::xml set_variable_frame_id <data value="1" />
23:23:50    30 --> ...                      [tcl] synUtils::setDVEInitPhase 1
23:23:50    31 --> ...                          [tcl] gui_get_env SIMSETUP::SIMVPD
23:23:50    32 --> ...                              [tcl] synopsys::dump -type VPD -file /home/verifier/DVT_Code/AHB_RAM/uvm/sim/inter.vpd -locking
23:23:50    33 --> ...                                  [tcl] synopsys::dump -autoflush on -fid VPD0
23:23:50    34 --> ...                                      [tcl] set ::dve_fid VPD0
23:23:50    35 --> ...                                          [tcl] synUtils::setDVEInitPhase 0
23:23:50    36 --> ...                                              [tcl] ucliCore::getToolPID
23:23:50    37 --> ...                                                  [tcl] synUtils::sendTool -active _icl_setToolSocket /tmp/smlnpncQxPv
23:23:50    38 --> ...                                                      [tcl] synUtils::sendTool -active {_icl_start_rpc -version "O-2018.09-SP2_Full64" -sync_file /tmp/vcs_dve_rpc.verifier.96665}
23:23:50    39 --> ...                                                          [tcl] synUtils::sendTool -active {_icl_createSharedMemory /tmp/vcs_dve_general.verifier.96665}
23:23:52    40 --> ...                                                              [tcl] dveMisc::vbusExpand uvm_pkg
23:23:52    41 --> ...                                                                  [tcl] dveMisc::vbusExpand uvm_custom_install_recording
23:23:52    42 --> ...                                                                      [tcl] dveMisc::vbusExpand _vcs_unit__3820934895
23:23:52    43 --> ...                                                                          [tcl] config endofsim noexit
23:23:52    44 --> ...                                                                              [tcl] config onfail enable all
23:23:52    45 --> ...                                                                                  [tcl] config syscaddplainmembers
23:23:52    46 --> ...                                                                                      [tcl] config syscaddsourcenames
23:23:52    47 --> ...                                                                                          [tcl] config syscaddstructtypes
23:23:52    48 --> ...                                                                                              [tcl] synopsys::listing -disable
23:23:53    49 --> ...                                                                                                  [tcl] if {[info command guiIsActive]==""} {   run } else {   echo "GUI mode"     dump -add / -depth 0   do ./ahb_ram_debug_wave.do }
23:23:53    50 --> ...  [tcl] gui_set_time_units 1ps
23:23:53    51 --> ...      [tcl] gui_set_time_units 1ps
23:23:53    52 --> ...          [tcl] set _wave_session_group_1 Group1
23:23:53    53 --> ...              [tcl] if {[gui_sg_is_group -name "$_wave_session_group_1"]} {     set _wave_session_group_1 [gui_sg_generate_new_name] }
23:23:53    54 --> ...                  [tcl] set Group1 "$_wave_session_group_1"
23:23:53    55 --> ...                      [tcl] gui_sg_addsignal -group "$_wave_session_group_1" { {Sim:ahb_ram_tb.dut.HCLK} {Sim:ahb_ram_tb.dut.HRESETn} {Sim:ahb_ram_tb.dut.HSELBRAM} {Sim:ahb_ram_tb.dut.HREADY} {Sim:ahb_ram_tb.dut.HTRANS} {Sim:ahb_ram_tb.dut.HSIZE} {Sim:ahb_ram_tb.dut.HWRITE} {Sim:ahb_ram_tb.dut.HADDR} {Sim:ahb_ram_tb.dut.HWDATA} {Sim:ahb_ram_tb.dut.HREADYOUT} {Sim:ahb_ram_tb.dut.HRESP} {Sim:ahb_ram_tb.dut.HRDATA} }
23:23:53    56 --> ...                          [tcl] if {![info exists useOldWindow]} {  	set useOldWindow true }
23:23:53    57 --> ...                              [tcl] if {$useOldWindow && [string first "Wave" [gui_get_current_window -view]]==0} {  	set Wave.1 [gui_get_current_window -view]  } else { 	set Wave.1 [lindex [gui_get_window_ids -type Wave] 0] if {[string first "Wave" ${Wave.1}]!=0} { gui_open_window Wave set Wave.1 [ gui_get_current_window -view ] } }
23:23:55    58 --> ...                                  [tcl] set groupExD [gui_get_pref_value -category Wave -key exclusiveSG]
23:23:55    59 --> ...                                      [tcl] gui_set_pref_value -category Wave -key exclusiveSG -value {false}
23:23:55    60 --> ...                                          [tcl] set origWaveHeight [gui_get_pref_value -category Wave -key waveRowHeight]
23:23:55    61 --> ...                                              [tcl] gui_list_set_height -id Wave -height 25
23:23:55    62 --> ...                                                  [tcl] set origGroupCreationState [gui_list_create_group_when_add -wave]
23:23:55    63 --> ...                                                      [tcl] gui_list_create_group_when_add -wave -disable
23:23:55    64 --> ...                                                          [tcl] gui_marker_set_ref -id ${Wave.1}  C1
23:23:55    65 --> ...                                                              [tcl] gui_wv_zoom_timerange -id ${Wave.1} 0 1813773
23:23:55    66 --> ...                                                                  [tcl] gui_list_add_group -id ${Wave.1} -after {New Group} [list ${Group1}]
23:23:55    67 --> ...                                                                      [tcl] gui_seek_criteria -id ${Wave.1} {Any Edge}
23:23:55    68 --> ...                                                                          [tcl] gui_set_pref_value -category Wave -key exclusiveSG -value $groupExD
23:23:55    69 --> ...                                                                              [tcl] gui_list_set_height -id Wave -height $origWaveHeight
23:23:55    70 --> ...                                                                                  [tcl] if {$origGroupCreationState} { 	gui_list_create_group_when_add -wave -enable }
23:23:55    71 --> ...                                                                                      [tcl] if { $groupExD } {  gui_msg_report -code DVWW028 }
23:23:55    72 --> ...                                                                                          [tcl] gui_list_set_filter -id ${Wave.1} -list { {Buffer 1} {Input 1} {Others 1} {Linkage 1} {Output 1} {Parameter 1} {All 1} {Aggregate 1} {LibBaseMember 1} {Event 1} {Assertion 1} {Constant 1} {Interface 1} {BaseMembers 1} {Signal 1} {$unit 1} {Inout 1} {Variable 1} }
23:23:55    73 --> ...                                                                                              [tcl] gui_list_set_filter -id ${Wave.1} -text {*}
23:23:55    74 --> ...                                                                                                  [tcl] gui_list_set_insertion_bar  -id ${Wave.1} -group ${Group1}  -position in
23:23:55    75 --> ...  [tcl] gui_marker_move -id ${Wave.1} {C1} 240
23:23:55    76 --> ...      [tcl] gui_view_scroll -id ${Wave.1} -vertical -set 0
23:23:55    77 --> ...          [tcl] gui_show_grid -id ${Wave.1} -enable false
23:24:18    78 --> ...              [tcl] synopsys::run
23:24:18    79 --> ...                  [tcl] set ucliGUI::state
23:24:18    80 --> ...                      [tcl] gui_update_simulator_buttons
23:24:18    81 --> ...                          [tcl] set ucliGUI::state
23:24:18    82 --> ...                              [tcl] gui_update_simulator_buttons
23:24:19    83 --> ...                                  [tcl] set ucliGUI::state
23:24:19    84 --> ...                                      [tcl] set ucliGUI::state
23:24:19    85 --> ...                                          [tcl] catch {senv activeDomain} dveMisc::result 
23:24:19    86 --> ...                                              [tcl] set dveMisc::result
23:24:19    87 --> ...                                                  [tcl] gui_update_simulator_buttons
23:24:19    88 --> ...                                                      [tcl] synopsys::xml get_stop_data
23:24:19    89 --> ...                                                          [tcl] synopsys::xml {frames <data updateType="preserve" itemId="none" viewId="Stack.1" />}
23:24:20    90 --> ...                                                              [tcl] dveMisc::vbusExpand {uvm_pkg.\uvm_root::run_test }
..                                                                  [tcl] if [catch {gui_sim_terminate}] {gui_sim_terminate -kill}
23:24:12    92 --> ...                                                                      [tcl] synopsys::finish
23:24:12    93 --> ...                                                                          [tcl] set ucliGUI::state
23:24:12    94 --> ...                                                                              [tcl] gui_update_simulator_buttons
23:24:13    95 --> ...                                                                                  [tcl] set ucliGUI::state
23:24:13    96 --> ...                                                                                      [tcl] catch {senv activeDomain} dveMisc::result 
23:24:13    97 --> ...                                                                                          [tcl] set dveMisc::result
23:24:13    98 --> ...                                                                                              [tcl] gui_update_simulator_buttons
23:24:13    99 --> ...                                                                                                  [tcl] catch {senv activeDomain} dveMisc::result 
23:24:13    100 --> ...  [tcl] set dveMisc::result
23:24:14    101 --> ...      [tcl] ucli_exit
